Copyright 1986-2018 Xilinx, Inc. All Rights Reserved.
--------------------------------------------------------------------------------------------------------------------------------------------------------------------------------
| Tool Version : Vivado v.2018.2 (win64) Build 2258646 Thu Jun 14 20:03:12 MDT 2018
| Date         : Tue Jan  8 16:32:13 2019
| Host         : DESKTOP-5PUP7CD running 64-bit major release  (build 9200)
| Command      : report_timing_summary -max_paths 10 -file top_timing_summary_routed.rpt -pb top_timing_summary_routed.pb -rpx top_timing_summary_routed.rpx -warn_on_violation
| Design       : top
| Device       : 7z020-clg400
| Speed File   : -1  PRODUCTION 1.11 2014-09-11
--------------------------------------------------------------------------------------------------------------------------------------------------------------------------------

Timing Summary Report

------------------------------------------------------------------------------------------------
| Timer Settings
| --------------
------------------------------------------------------------------------------------------------

  Enable Multi Corner Analysis               :  Yes
  Enable Pessimism Removal                   :  Yes
  Pessimism Removal Resolution               :  Nearest Common Node
  Enable Input Delay Default Clock           :  No
  Enable Preset / Clear Arcs                 :  No
  Disable Flight Delays                      :  No
  Ignore I/O Paths                           :  No
  Timing Early Launch at Borrowing Latches   :  false

  Corner  Analyze    Analyze    
  Name    Max Paths  Min Paths  
  ------  ---------  ---------  
  Slow    Yes        Yes        
  Fast    Yes        Yes        



check_timing report

Table of Contents
-----------------
1. checking no_clock
2. checking constant_clock
3. checking pulse_width_clock
4. checking unconstrained_internal_endpoints
5. checking no_input_delay
6. checking no_output_delay
7. checking multiple_clock
8. checking generated_clocks
9. checking loops
10. checking partial_input_delay
11. checking partial_output_delay
12. checking latch_loops

1. checking no_clock
--------------------
 There are 72 register/latch pins with no clock driven by root clock pin: div/counter_reg[16]/Q (HIGH)


2. checking constant_clock
--------------------------
 There are 0 register/latch pins with constant_clock.


3. checking pulse_width_clock
-----------------------------
 There are 0 register/latch pins which need pulse_width check


4. checking unconstrained_internal_endpoints
--------------------------------------------
 There are 72 pins that are not constrained for maximum delay. (HIGH)

 There are 0 pins that are not constrained for maximum delay due to constant clock.


5. checking no_input_delay
--------------------------
 There are 0 input ports with no input delay specified.

 There are 0 input ports with no input delay but user has a false path constraint.


6. checking no_output_delay
---------------------------
 There are 12 ports with no output delay specified. (HIGH)

 There are 0 ports with no output delay but user has a false path constraint

 There are 0 ports with no output delay but with a timing clock defined on it or propagating through it


7. checking multiple_clock
--------------------------
 There are 0 register/latch pins with multiple clocks.


8. checking generated_clocks
----------------------------
 There are 0 generated clocks that are not connected to a clock source.


9. checking loops
-----------------
 There are 0 combinational loops in the design.


10. checking partial_input_delay
--------------------------------
 There are 0 input ports with partial input delay specified.


11. checking partial_output_delay
---------------------------------
 There are 0 ports with partial output delay specified.


12. checking latch_loops
------------------------
 There are 0 combinational latch loops in the design through latch input



------------------------------------------------------------------------------------------------
| Design Timing Summary
| ---------------------
------------------------------------------------------------------------------------------------

    WNS(ns)      TNS(ns)  TNS Failing Endpoints  TNS Total Endpoints      WHS(ns)      THS(ns)  THS Failing Endpoints  THS Total Endpoints     WPWS(ns)     TPWS(ns)  TPWS Failing Endpoints  TPWS Total Endpoints  
    -------      -------  ---------------------  -------------------      -------      -------  ---------------------  -------------------     --------     --------  ----------------------  --------------------  
   7996.224        0.000                      0                   60        0.222        0.000                      0                   60        3.500        0.000                       0                    45  


All user specified timing constraints are met.


------------------------------------------------------------------------------------------------
| Clock Summary
| -------------
------------------------------------------------------------------------------------------------

Clock        Waveform(ns)           Period(ns)      Frequency(MHz)
-----        ------------           ----------      --------------
sys_clk_pin  {0.000 4.000}          8000.000        0.125           


------------------------------------------------------------------------------------------------
| Intra Clock Table
| -----------------
------------------------------------------------------------------------------------------------

Clock             WNS(ns)      TNS(ns)  TNS Failing Endpoints  TNS Total Endpoints      WHS(ns)      THS(ns)  THS Failing Endpoints  THS Total Endpoints     WPWS(ns)     TPWS(ns)  TPWS Failing Endpoints  TPWS Total Endpoints  
-----             -------      -------  ---------------------  -------------------      -------      -------  ---------------------  -------------------     --------     --------  ----------------------  --------------------  
sys_clk_pin      7996.224        0.000                      0                   60        0.222        0.000                      0                   60        3.500        0.000                       0                    45  


------------------------------------------------------------------------------------------------
| Inter Clock Table
| -----------------
------------------------------------------------------------------------------------------------

From Clock    To Clock          WNS(ns)      TNS(ns)  TNS Failing Endpoints  TNS Total Endpoints      WHS(ns)      THS(ns)  THS Failing Endpoints  THS Total Endpoints  
----------    --------          -------      -------  ---------------------  -------------------      -------      -------  ---------------------  -------------------  


------------------------------------------------------------------------------------------------
| Other Path Groups Table
| -----------------------
------------------------------------------------------------------------------------------------

Path Group    From Clock    To Clock          WNS(ns)      TNS(ns)  TNS Failing Endpoints  TNS Total Endpoints      WHS(ns)      THS(ns)  THS Failing Endpoints  THS Total Endpoints  
----------    ----------    --------          -------      -------  ---------------------  -------------------      -------      -------  ---------------------  -------------------  


------------------------------------------------------------------------------------------------
| Timing Details
| --------------
------------------------------------------------------------------------------------------------


---------------------------------------------------------------------------------------------------
From Clock:  sys_clk_pin
  To Clock:  sys_clk_pin

Setup :            0  Failing Endpoints,  Worst Slack     7996.224ns,  Total Violation        0.000ns
Hold  :            0  Failing Endpoints,  Worst Slack        0.222ns,  Total Violation        0.000ns
PW    :            0  Failing Endpoints,  Worst Slack        3.500ns,  Total Violation        0.000ns
---------------------------------------------------------------------------------------------------


Max Delay Paths
--------------------------------------------------------------------------------------
Slack (MET) :             7996.224ns  (required time - arrival time)
  Source:                 pwm_count_reg[4]/C
                            (rising edge-triggered cell FDRE clocked by sys_clk_pin  {rise@0.000ns fall@4.000ns period=8000.000ns})
  Destination:            pwm_duty0_reg[0]/CE
                            (rising edge-triggered cell FDRE clocked by sys_clk_pin  {rise@0.000ns fall@4.000ns period=8000.000ns})
  Path Group:             sys_clk_pin
  Path Type:              Setup (Max at Slow Process Corner)
  Requirement:            8000.000ns  (sys_clk_pin rise@8000.000ns - sys_clk_pin rise@0.000ns)
  Data Path Delay:        3.505ns  (logic 0.903ns (25.761%)  route 2.602ns (74.239%))
  Logic Levels:           2  (LUT3=1 LUT6=1)
  Clock Path Skew:        -0.066ns (DCD - SCD + CPR)
    Destination Clock Delay (DCD):    5.494ns = ( 8005.495 - 8000.000 ) 
    Source Clock Delay      (SCD):    6.002ns
    Clock Pessimism Removal (CPR):    0.441ns
  Clock Uncertainty:      0.035ns  ((TSJ^2 + TIJ^2)^1/2 + DJ) / 2 + PE
    Total System Jitter     (TSJ):    0.071ns
    Total Input Jitter      (TIJ):    0.000ns
    Discrete Jitter          (DJ):    0.000ns
    Phase Error              (PE):    0.000ns

    Location             Delay type                Incr(ns)  Path(ns)    Netlist Resource(s)
  -------------------------------------------------------------------    -------------------
                         (clock sys_clk_pin rise edge)
                                                      0.000     0.000 r  
    K17                                               0.000     0.000 r  clk (IN)
                         net (fo=0)                   0.000     0.000    clk
    K17                  IBUF (Prop_ibuf_I_O)         1.475     1.475 r  clk_IBUF_inst/O
                         net (fo=1, routed)           2.522     3.997    clk_IBUF
    BUFGCTRL_X0Y16       BUFG (Prop_bufg_I_O)         0.101     4.098 r  clk_IBUF_BUFG_inst/O
                         net (fo=44, routed)          1.904     6.002    clk_IBUF_BUFG
    SLICE_X82Y132        FDRE                                         r  pwm_count_reg[4]/C
  -------------------------------------------------------------------    -------------------
    SLICE_X82Y132        FDRE (Prop_fdre_C_Q)         0.478     6.480 f  pwm_count_reg[4]/Q
                         net (fo=7, routed)           1.028     7.508    pwm_count_reg__0[4]
    SLICE_X81Y131        LUT6 (Prop_lut6_I0_O)        0.301     7.809 r  pwm_duty0[7]_i_2/O
                         net (fo=1, routed)           0.433     8.242    pwm_duty0[7]_i_2_n_0
    SLICE_X81Y131        LUT3 (Prop_lut3_I1_O)        0.124     8.366 r  pwm_duty0[7]_i_1/O
                         net (fo=8, routed)           1.141     9.507    pwm_duty0[7]_i_1_n_0
    SLICE_X82Y122        FDRE                                         r  pwm_duty0_reg[0]/CE
  -------------------------------------------------------------------    -------------------

                         (clock sys_clk_pin rise edge)
                                                   8000.000  8000.000 r  
    K17                                               0.000  8000.000 r  clk (IN)
                         net (fo=0)                   0.000  8000.000    clk
    K17                  IBUF (Prop_ibuf_I_O)         1.404  8001.404 r  clk_IBUF_inst/O
                         net (fo=1, routed)           2.293  8003.697    clk_IBUF
    BUFGCTRL_X0Y16       BUFG (Prop_bufg_I_O)         0.091  8003.788 r  clk_IBUF_BUFG_inst/O
                         net (fo=44, routed)          1.706  8005.494    clk_IBUF_BUFG
    SLICE_X82Y122        FDRE                                         r  pwm_duty0_reg[0]/C
                         clock pessimism              0.441  8005.936    
                         clock uncertainty           -0.035  8005.900    
    SLICE_X82Y122        FDRE (Setup_fdre_C_CE)      -0.169  8005.731    pwm_duty0_reg[0]
  -------------------------------------------------------------------
                         required time                       8005.730    
                         arrival time                          -9.507    
  -------------------------------------------------------------------
                         slack                               7996.224    

Slack (MET) :             7996.224ns  (required time - arrival time)
  Source:                 pwm_count_reg[4]/C
                            (rising edge-triggered cell FDRE clocked by sys_clk_pin  {rise@0.000ns fall@4.000ns period=8000.000ns})
  Destination:            pwm_duty0_reg[1]/CE
                            (rising edge-triggered cell FDRE clocked by sys_clk_pin  {rise@0.000ns fall@4.000ns period=8000.000ns})
  Path Group:             sys_clk_pin
  Path Type:              Setup (Max at Slow Process Corner)
  Requirement:            8000.000ns  (sys_clk_pin rise@8000.000ns - sys_clk_pin rise@0.000ns)
  Data Path Delay:        3.505ns  (logic 0.903ns (25.761%)  route 2.602ns (74.239%))
  Logic Levels:           2  (LUT3=1 LUT6=1)
  Clock Path Skew:        -0.066ns (DCD - SCD + CPR)
    Destination Clock Delay (DCD):    5.494ns = ( 8005.495 - 8000.000 ) 
    Source Clock Delay      (SCD):    6.002ns
    Clock Pessimism Removal (CPR):    0.441ns
  Clock Uncertainty:      0.035ns  ((TSJ^2 + TIJ^2)^1/2 + DJ) / 2 + PE
    Total System Jitter     (TSJ):    0.071ns
    Total Input Jitter      (TIJ):    0.000ns
    Discrete Jitter          (DJ):    0.000ns
    Phase Error              (PE):    0.000ns

    Location             Delay type                Incr(ns)  Path(ns)    Netlist Resource(s)
  -------------------------------------------------------------------    -------------------
                         (clock sys_clk_pin rise edge)
                                                      0.000     0.000 r  
    K17                                               0.000     0.000 r  clk (IN)
                         net (fo=0)                   0.000     0.000    clk
    K17                  IBUF (Prop_ibuf_I_O)         1.475     1.475 r  clk_IBUF_inst/O
                         net (fo=1, routed)           2.522     3.997    clk_IBUF
    BUFGCTRL_X0Y16       BUFG (Prop_bufg_I_O)         0.101     4.098 r  clk_IBUF_BUFG_inst/O
                         net (fo=44, routed)          1.904     6.002    clk_IBUF_BUFG
    SLICE_X82Y132        FDRE                                         r  pwm_count_reg[4]/C
  -------------------------------------------------------------------    -------------------
    SLICE_X82Y132        FDRE (Prop_fdre_C_Q)         0.478     6.480 f  pwm_count_reg[4]/Q
                         net (fo=7, routed)           1.028     7.508    pwm_count_reg__0[4]
    SLICE_X81Y131        LUT6 (Prop_lut6_I0_O)        0.301     7.809 r  pwm_duty0[7]_i_2/O
                         net (fo=1, routed)           0.433     8.242    pwm_duty0[7]_i_2_n_0
    SLICE_X81Y131        LUT3 (Prop_lut3_I1_O)        0.124     8.366 r  pwm_duty0[7]_i_1/O
                         net (fo=8, routed)           1.141     9.507    pwm_duty0[7]_i_1_n_0
    SLICE_X82Y122        FDRE                                         r  pwm_duty0_reg[1]/CE
  -------------------------------------------------------------------    -------------------

                         (clock sys_clk_pin rise edge)
                                                   8000.000  8000.000 r  
    K17                                               0.000  8000.000 r  clk (IN)
                         net (fo=0)                   0.000  8000.000    clk
    K17                  IBUF (Prop_ibuf_I_O)         1.404  8001.404 r  clk_IBUF_inst/O
                         net (fo=1, routed)           2.293  8003.697    clk_IBUF
    BUFGCTRL_X0Y16       BUFG (Prop_bufg_I_O)         0.091  8003.788 r  clk_IBUF_BUFG_inst/O
                         net (fo=44, routed)          1.706  8005.494    clk_IBUF_BUFG
    SLICE_X82Y122        FDRE                                         r  pwm_duty0_reg[1]/C
                         clock pessimism              0.441  8005.936    
                         clock uncertainty           -0.035  8005.900    
    SLICE_X82Y122        FDRE (Setup_fdre_C_CE)      -0.169  8005.731    pwm_duty0_reg[1]
  -------------------------------------------------------------------
                         required time                       8005.730    
                         arrival time                          -9.507    
  -------------------------------------------------------------------
                         slack                               7996.224    

Slack (MET) :             7996.224ns  (required time - arrival time)
  Source:                 pwm_count_reg[4]/C
                            (rising edge-triggered cell FDRE clocked by sys_clk_pin  {rise@0.000ns fall@4.000ns period=8000.000ns})
  Destination:            pwm_duty0_reg[2]/CE
                            (rising edge-triggered cell FDRE clocked by sys_clk_pin  {rise@0.000ns fall@4.000ns period=8000.000ns})
  Path Group:             sys_clk_pin
  Path Type:              Setup (Max at Slow Process Corner)
  Requirement:            8000.000ns  (sys_clk_pin rise@8000.000ns - sys_clk_pin rise@0.000ns)
  Data Path Delay:        3.505ns  (logic 0.903ns (25.761%)  route 2.602ns (74.239%))
  Logic Levels:           2  (LUT3=1 LUT6=1)
  Clock Path Skew:        -0.066ns (DCD - SCD + CPR)
    Destination Clock Delay (DCD):    5.494ns = ( 8005.495 - 8000.000 ) 
    Source Clock Delay      (SCD):    6.002ns
    Clock Pessimism Removal (CPR):    0.441ns
  Clock Uncertainty:      0.035ns  ((TSJ^2 + TIJ^2)^1/2 + DJ) / 2 + PE
    Total System Jitter     (TSJ):    0.071ns
    Total Input Jitter      (TIJ):    0.000ns
    Discrete Jitter          (DJ):    0.000ns
    Phase Error              (PE):    0.000ns

    Location             Delay type                Incr(ns)  Path(ns)    Netlist Resource(s)
  -------------------------------------------------------------------    -------------------
                         (clock sys_clk_pin rise edge)
                                                      0.000     0.000 r  
    K17                                               0.000     0.000 r  clk (IN)
                         net (fo=0)                   0.000     0.000    clk
    K17                  IBUF (Prop_ibuf_I_O)         1.475     1.475 r  clk_IBUF_inst/O
                         net (fo=1, routed)           2.522     3.997    clk_IBUF
    BUFGCTRL_X0Y16       BUFG (Prop_bufg_I_O)         0.101     4.098 r  clk_IBUF_BUFG_inst/O
                         net (fo=44, routed)          1.904     6.002    clk_IBUF_BUFG
    SLICE_X82Y132        FDRE                                         r  pwm_count_reg[4]/C
  -------------------------------------------------------------------    -------------------
    SLICE_X82Y132        FDRE (Prop_fdre_C_Q)         0.478     6.480 f  pwm_count_reg[4]/Q
                         net (fo=7, routed)           1.028     7.508    pwm_count_reg__0[4]
    SLICE_X81Y131        LUT6 (Prop_lut6_I0_O)        0.301     7.809 r  pwm_duty0[7]_i_2/O
                         net (fo=1, routed)           0.433     8.242    pwm_duty0[7]_i_2_n_0
    SLICE_X81Y131        LUT3 (Prop_lut3_I1_O)        0.124     8.366 r  pwm_duty0[7]_i_1/O
                         net (fo=8, routed)           1.141     9.507    pwm_duty0[7]_i_1_n_0
    SLICE_X82Y122        FDRE                                         r  pwm_duty0_reg[2]/CE
  -------------------------------------------------------------------    -------------------

                         (clock sys_clk_pin rise edge)
                                                   8000.000  8000.000 r  
    K17                                               0.000  8000.000 r  clk (IN)
                         net (fo=0)                   0.000  8000.000    clk
    K17                  IBUF (Prop_ibuf_I_O)         1.404  8001.404 r  clk_IBUF_inst/O
                         net (fo=1, routed)           2.293  8003.697    clk_IBUF
    BUFGCTRL_X0Y16       BUFG (Prop_bufg_I_O)         0.091  8003.788 r  clk_IBUF_BUFG_inst/O
                         net (fo=44, routed)          1.706  8005.494    clk_IBUF_BUFG
    SLICE_X82Y122        FDRE                                         r  pwm_duty0_reg[2]/C
                         clock pessimism              0.441  8005.936    
                         clock uncertainty           -0.035  8005.900    
    SLICE_X82Y122        FDRE (Setup_fdre_C_CE)      -0.169  8005.731    pwm_duty0_reg[2]
  -------------------------------------------------------------------
                         required time                       8005.730    
                         arrival time                          -9.507    
  -------------------------------------------------------------------
                         slack                               7996.224    

Slack (MET) :             7996.224ns  (required time - arrival time)
  Source:                 pwm_count_reg[4]/C
                            (rising edge-triggered cell FDRE clocked by sys_clk_pin  {rise@0.000ns fall@4.000ns period=8000.000ns})
  Destination:            pwm_duty0_reg[3]/CE
                            (rising edge-triggered cell FDRE clocked by sys_clk_pin  {rise@0.000ns fall@4.000ns period=8000.000ns})
  Path Group:             sys_clk_pin
  Path Type:              Setup (Max at Slow Process Corner)
  Requirement:            8000.000ns  (sys_clk_pin rise@8000.000ns - sys_clk_pin rise@0.000ns)
  Data Path Delay:        3.505ns  (logic 0.903ns (25.761%)  route 2.602ns (74.239%))
  Logic Levels:           2  (LUT3=1 LUT6=1)
  Clock Path Skew:        -0.066ns (DCD - SCD + CPR)
    Destination Clock Delay (DCD):    5.494ns = ( 8005.495 - 8000.000 ) 
    Source Clock Delay      (SCD):    6.002ns
    Clock Pessimism Removal (CPR):    0.441ns
  Clock Uncertainty:      0.035ns  ((TSJ^2 + TIJ^2)^1/2 + DJ) / 2 + PE
    Total System Jitter     (TSJ):    0.071ns
    Total Input Jitter      (TIJ):    0.000ns
    Discrete Jitter          (DJ):    0.000ns
    Phase Error              (PE):    0.000ns

    Location             Delay type                Incr(ns)  Path(ns)    Netlist Resource(s)
  -------------------------------------------------------------------    -------------------
                         (clock sys_clk_pin rise edge)
                                                      0.000     0.000 r  
    K17                                               0.000     0.000 r  clk (IN)
                         net (fo=0)                   0.000     0.000    clk
    K17                  IBUF (Prop_ibuf_I_O)         1.475     1.475 r  clk_IBUF_inst/O
                         net (fo=1, routed)           2.522     3.997    clk_IBUF
    BUFGCTRL_X0Y16       BUFG (Prop_bufg_I_O)         0.101     4.098 r  clk_IBUF_BUFG_inst/O
                         net (fo=44, routed)          1.904     6.002    clk_IBUF_BUFG
    SLICE_X82Y132        FDRE                                         r  pwm_count_reg[4]/C
  -------------------------------------------------------------------    -------------------
    SLICE_X82Y132        FDRE (Prop_fdre_C_Q)         0.478     6.480 f  pwm_count_reg[4]/Q
                         net (fo=7, routed)           1.028     7.508    pwm_count_reg__0[4]
    SLICE_X81Y131        LUT6 (Prop_lut6_I0_O)        0.301     7.809 r  pwm_duty0[7]_i_2/O
                         net (fo=1, routed)           0.433     8.242    pwm_duty0[7]_i_2_n_0
    SLICE_X81Y131        LUT3 (Prop_lut3_I1_O)        0.124     8.366 r  pwm_duty0[7]_i_1/O
                         net (fo=8, routed)           1.141     9.507    pwm_duty0[7]_i_1_n_0
    SLICE_X82Y122        FDRE                                         r  pwm_duty0_reg[3]/CE
  -------------------------------------------------------------------    -------------------

                         (clock sys_clk_pin rise edge)
                                                   8000.000  8000.000 r  
    K17                                               0.000  8000.000 r  clk (IN)
                         net (fo=0)                   0.000  8000.000    clk
    K17                  IBUF (Prop_ibuf_I_O)         1.404  8001.404 r  clk_IBUF_inst/O
                         net (fo=1, routed)           2.293  8003.697    clk_IBUF
    BUFGCTRL_X0Y16       BUFG (Prop_bufg_I_O)         0.091  8003.788 r  clk_IBUF_BUFG_inst/O
                         net (fo=44, routed)          1.706  8005.494    clk_IBUF_BUFG
    SLICE_X82Y122        FDRE                                         r  pwm_duty0_reg[3]/C
                         clock pessimism              0.441  8005.936    
                         clock uncertainty           -0.035  8005.900    
    SLICE_X82Y122        FDRE (Setup_fdre_C_CE)      -0.169  8005.731    pwm_duty0_reg[3]
  -------------------------------------------------------------------
                         required time                       8005.730    
                         arrival time                          -9.507    
  -------------------------------------------------------------------
                         slack                               7996.224    

Slack (MET) :             7996.468ns  (required time - arrival time)
  Source:                 pwm_count_reg[4]/C
                            (rising edge-triggered cell FDRE clocked by sys_clk_pin  {rise@0.000ns fall@4.000ns period=8000.000ns})
  Destination:            pwm_duty0_reg[4]/CE
                            (rising edge-triggered cell FDRE clocked by sys_clk_pin  {rise@0.000ns fall@4.000ns period=8000.000ns})
  Path Group:             sys_clk_pin
  Path Type:              Setup (Max at Slow Process Corner)
  Requirement:            8000.000ns  (sys_clk_pin rise@8000.000ns - sys_clk_pin rise@0.000ns)
  Data Path Delay:        3.224ns  (logic 0.903ns (28.005%)  route 2.321ns (71.995%))
  Logic Levels:           2  (LUT3=1 LUT6=1)
  Clock Path Skew:        -0.067ns (DCD - SCD + CPR)
    Destination Clock Delay (DCD):    5.493ns = ( 8005.494 - 8000.000 ) 
    Source Clock Delay      (SCD):    6.002ns
    Clock Pessimism Removal (CPR):    0.441ns
  Clock Uncertainty:      0.035ns  ((TSJ^2 + TIJ^2)^1/2 + DJ) / 2 + PE
    Total System Jitter     (TSJ):    0.071ns
    Total Input Jitter      (TIJ):    0.000ns
    Discrete Jitter          (DJ):    0.000ns
    Phase Error              (PE):    0.000ns

    Location             Delay type                Incr(ns)  Path(ns)    Netlist Resource(s)
  -------------------------------------------------------------------    -------------------
                         (clock sys_clk_pin rise edge)
                                                      0.000     0.000 r  
    K17                                               0.000     0.000 r  clk (IN)
                         net (fo=0)                   0.000     0.000    clk
    K17                  IBUF (Prop_ibuf_I_O)         1.475     1.475 r  clk_IBUF_inst/O
                         net (fo=1, routed)           2.522     3.997    clk_IBUF
    BUFGCTRL_X0Y16       BUFG (Prop_bufg_I_O)         0.101     4.098 r  clk_IBUF_BUFG_inst/O
                         net (fo=44, routed)          1.904     6.002    clk_IBUF_BUFG
    SLICE_X82Y132        FDRE                                         r  pwm_count_reg[4]/C
  -------------------------------------------------------------------    -------------------
    SLICE_X82Y132        FDRE (Prop_fdre_C_Q)         0.478     6.480 f  pwm_count_reg[4]/Q
                         net (fo=7, routed)           1.028     7.508    pwm_count_reg__0[4]
    SLICE_X81Y131        LUT6 (Prop_lut6_I0_O)        0.301     7.809 r  pwm_duty0[7]_i_2/O
                         net (fo=1, routed)           0.433     8.242    pwm_duty0[7]_i_2_n_0
    SLICE_X81Y131        LUT3 (Prop_lut3_I1_O)        0.124     8.366 r  pwm_duty0[7]_i_1/O
                         net (fo=8, routed)           0.860     9.226    pwm_duty0[7]_i_1_n_0
    SLICE_X81Y122        FDRE                                         r  pwm_duty0_reg[4]/CE
  -------------------------------------------------------------------    -------------------

                         (clock sys_clk_pin rise edge)
                                                   8000.000  8000.000 r  
    K17                                               0.000  8000.000 r  clk (IN)
                         net (fo=0)                   0.000  8000.000    clk
    K17                  IBUF (Prop_ibuf_I_O)         1.404  8001.404 r  clk_IBUF_inst/O
                         net (fo=1, routed)           2.293  8003.697    clk_IBUF
    BUFGCTRL_X0Y16       BUFG (Prop_bufg_I_O)         0.091  8003.788 r  clk_IBUF_BUFG_inst/O
                         net (fo=44, routed)          1.705  8005.493    clk_IBUF_BUFG
    SLICE_X81Y122        FDRE                                         r  pwm_duty0_reg[4]/C
                         clock pessimism              0.441  8005.935    
                         clock uncertainty           -0.035  8005.899    
    SLICE_X81Y122        FDRE (Setup_fdre_C_CE)      -0.205  8005.694    pwm_duty0_reg[4]
  -------------------------------------------------------------------
                         required time                       8005.694    
                         arrival time                          -9.226    
  -------------------------------------------------------------------
                         slack                               7996.468    

Slack (MET) :             7996.468ns  (required time - arrival time)
  Source:                 pwm_count_reg[4]/C
                            (rising edge-triggered cell FDRE clocked by sys_clk_pin  {rise@0.000ns fall@4.000ns period=8000.000ns})
  Destination:            pwm_duty0_reg[5]/CE
                            (rising edge-triggered cell FDRE clocked by sys_clk_pin  {rise@0.000ns fall@4.000ns period=8000.000ns})
  Path Group:             sys_clk_pin
  Path Type:              Setup (Max at Slow Process Corner)
  Requirement:            8000.000ns  (sys_clk_pin rise@8000.000ns - sys_clk_pin rise@0.000ns)
  Data Path Delay:        3.224ns  (logic 0.903ns (28.005%)  route 2.321ns (71.995%))
  Logic Levels:           2  (LUT3=1 LUT6=1)
  Clock Path Skew:        -0.067ns (DCD - SCD + CPR)
    Destination Clock Delay (DCD):    5.493ns = ( 8005.494 - 8000.000 ) 
    Source Clock Delay      (SCD):    6.002ns
    Clock Pessimism Removal (CPR):    0.441ns
  Clock Uncertainty:      0.035ns  ((TSJ^2 + TIJ^2)^1/2 + DJ) / 2 + PE
    Total System Jitter     (TSJ):    0.071ns
    Total Input Jitter      (TIJ):    0.000ns
    Discrete Jitter          (DJ):    0.000ns
    Phase Error              (PE):    0.000ns

    Location             Delay type                Incr(ns)  Path(ns)    Netlist Resource(s)
  -------------------------------------------------------------------    -------------------
                         (clock sys_clk_pin rise edge)
                                                      0.000     0.000 r  
    K17                                               0.000     0.000 r  clk (IN)
                         net (fo=0)                   0.000     0.000    clk
    K17                  IBUF (Prop_ibuf_I_O)         1.475     1.475 r  clk_IBUF_inst/O
                         net (fo=1, routed)           2.522     3.997    clk_IBUF
    BUFGCTRL_X0Y16       BUFG (Prop_bufg_I_O)         0.101     4.098 r  clk_IBUF_BUFG_inst/O
                         net (fo=44, routed)          1.904     6.002    clk_IBUF_BUFG
    SLICE_X82Y132        FDRE                                         r  pwm_count_reg[4]/C
  -------------------------------------------------------------------    -------------------
    SLICE_X82Y132        FDRE (Prop_fdre_C_Q)         0.478     6.480 f  pwm_count_reg[4]/Q
                         net (fo=7, routed)           1.028     7.508    pwm_count_reg__0[4]
    SLICE_X81Y131        LUT6 (Prop_lut6_I0_O)        0.301     7.809 r  pwm_duty0[7]_i_2/O
                         net (fo=1, routed)           0.433     8.242    pwm_duty0[7]_i_2_n_0
    SLICE_X81Y131        LUT3 (Prop_lut3_I1_O)        0.124     8.366 r  pwm_duty0[7]_i_1/O
                         net (fo=8, routed)           0.860     9.226    pwm_duty0[7]_i_1_n_0
    SLICE_X81Y122        FDRE                                         r  pwm_duty0_reg[5]/CE
  -------------------------------------------------------------------    -------------------

                         (clock sys_clk_pin rise edge)
                                                   8000.000  8000.000 r  
    K17                                               0.000  8000.000 r  clk (IN)
                         net (fo=0)                   0.000  8000.000    clk
    K17                  IBUF (Prop_ibuf_I_O)         1.404  8001.404 r  clk_IBUF_inst/O
                         net (fo=1, routed)           2.293  8003.697    clk_IBUF
    BUFGCTRL_X0Y16       BUFG (Prop_bufg_I_O)         0.091  8003.788 r  clk_IBUF_BUFG_inst/O
                         net (fo=44, routed)          1.705  8005.493    clk_IBUF_BUFG
    SLICE_X81Y122        FDRE                                         r  pwm_duty0_reg[5]/C
                         clock pessimism              0.441  8005.935    
                         clock uncertainty           -0.035  8005.899    
    SLICE_X81Y122        FDRE (Setup_fdre_C_CE)      -0.205  8005.694    pwm_duty0_reg[5]
  -------------------------------------------------------------------
                         required time                       8005.694    
                         arrival time                          -9.226    
  -------------------------------------------------------------------
                         slack                               7996.468    

Slack (MET) :             7996.468ns  (required time - arrival time)
  Source:                 pwm_count_reg[4]/C
                            (rising edge-triggered cell FDRE clocked by sys_clk_pin  {rise@0.000ns fall@4.000ns period=8000.000ns})
  Destination:            pwm_duty0_reg[6]/CE
                            (rising edge-triggered cell FDRE clocked by sys_clk_pin  {rise@0.000ns fall@4.000ns period=8000.000ns})
  Path Group:             sys_clk_pin
  Path Type:              Setup (Max at Slow Process Corner)
  Requirement:            8000.000ns  (sys_clk_pin rise@8000.000ns - sys_clk_pin rise@0.000ns)
  Data Path Delay:        3.224ns  (logic 0.903ns (28.005%)  route 2.321ns (71.995%))
  Logic Levels:           2  (LUT3=1 LUT6=1)
  Clock Path Skew:        -0.067ns (DCD - SCD + CPR)
    Destination Clock Delay (DCD):    5.493ns = ( 8005.494 - 8000.000 ) 
    Source Clock Delay      (SCD):    6.002ns
    Clock Pessimism Removal (CPR):    0.441ns
  Clock Uncertainty:      0.035ns  ((TSJ^2 + TIJ^2)^1/2 + DJ) / 2 + PE
    Total System Jitter     (TSJ):    0.071ns
    Total Input Jitter      (TIJ):    0.000ns
    Discrete Jitter          (DJ):    0.000ns
    Phase Error              (PE):    0.000ns

    Location             Delay type                Incr(ns)  Path(ns)    Netlist Resource(s)
  -------------------------------------------------------------------    -------------------
                         (clock sys_clk_pin rise edge)
                                                      0.000     0.000 r  
    K17                                               0.000     0.000 r  clk (IN)
                         net (fo=0)                   0.000     0.000    clk
    K17                  IBUF (Prop_ibuf_I_O)         1.475     1.475 r  clk_IBUF_inst/O
                         net (fo=1, routed)           2.522     3.997    clk_IBUF
    BUFGCTRL_X0Y16       BUFG (Prop_bufg_I_O)         0.101     4.098 r  clk_IBUF_BUFG_inst/O
                         net (fo=44, routed)          1.904     6.002    clk_IBUF_BUFG
    SLICE_X82Y132        FDRE                                         r  pwm_count_reg[4]/C
  -------------------------------------------------------------------    -------------------
    SLICE_X82Y132        FDRE (Prop_fdre_C_Q)         0.478     6.480 f  pwm_count_reg[4]/Q
                         net (fo=7, routed)           1.028     7.508    pwm_count_reg__0[4]
    SLICE_X81Y131        LUT6 (Prop_lut6_I0_O)        0.301     7.809 r  pwm_duty0[7]_i_2/O
                         net (fo=1, routed)           0.433     8.242    pwm_duty0[7]_i_2_n_0
    SLICE_X81Y131        LUT3 (Prop_lut3_I1_O)        0.124     8.366 r  pwm_duty0[7]_i_1/O
                         net (fo=8, routed)           0.860     9.226    pwm_duty0[7]_i_1_n_0
    SLICE_X81Y122        FDRE                                         r  pwm_duty0_reg[6]/CE
  -------------------------------------------------------------------    -------------------

                         (clock sys_clk_pin rise edge)
                                                   8000.000  8000.000 r  
    K17                                               0.000  8000.000 r  clk (IN)
                         net (fo=0)                   0.000  8000.000    clk
    K17                  IBUF (Prop_ibuf_I_O)         1.404  8001.404 r  clk_IBUF_inst/O
                         net (fo=1, routed)           2.293  8003.697    clk_IBUF
    BUFGCTRL_X0Y16       BUFG (Prop_bufg_I_O)         0.091  8003.788 r  clk_IBUF_BUFG_inst/O
                         net (fo=44, routed)          1.705  8005.493    clk_IBUF_BUFG
    SLICE_X81Y122        FDRE                                         r  pwm_duty0_reg[6]/C
                         clock pessimism              0.441  8005.935    
                         clock uncertainty           -0.035  8005.899    
    SLICE_X81Y122        FDRE (Setup_fdre_C_CE)      -0.205  8005.694    pwm_duty0_reg[6]
  -------------------------------------------------------------------
                         required time                       8005.694    
                         arrival time                          -9.226    
  -------------------------------------------------------------------
                         slack                               7996.468    

Slack (MET) :             7996.468ns  (required time - arrival time)
  Source:                 pwm_count_reg[4]/C
                            (rising edge-triggered cell FDRE clocked by sys_clk_pin  {rise@0.000ns fall@4.000ns period=8000.000ns})
  Destination:            pwm_duty0_reg[7]/CE
                            (rising edge-triggered cell FDRE clocked by sys_clk_pin  {rise@0.000ns fall@4.000ns period=8000.000ns})
  Path Group:             sys_clk_pin
  Path Type:              Setup (Max at Slow Process Corner)
  Requirement:            8000.000ns  (sys_clk_pin rise@8000.000ns - sys_clk_pin rise@0.000ns)
  Data Path Delay:        3.224ns  (logic 0.903ns (28.005%)  route 2.321ns (71.995%))
  Logic Levels:           2  (LUT3=1 LUT6=1)
  Clock Path Skew:        -0.067ns (DCD - SCD + CPR)
    Destination Clock Delay (DCD):    5.493ns = ( 8005.494 - 8000.000 ) 
    Source Clock Delay      (SCD):    6.002ns
    Clock Pessimism Removal (CPR):    0.441ns
  Clock Uncertainty:      0.035ns  ((TSJ^2 + TIJ^2)^1/2 + DJ) / 2 + PE
    Total System Jitter     (TSJ):    0.071ns
    Total Input Jitter      (TIJ):    0.000ns
    Discrete Jitter          (DJ):    0.000ns
    Phase Error              (PE):    0.000ns

    Location             Delay type                Incr(ns)  Path(ns)    Netlist Resource(s)
  -------------------------------------------------------------------    -------------------
                         (clock sys_clk_pin rise edge)
                                                      0.000     0.000 r  
    K17                                               0.000     0.000 r  clk (IN)
                         net (fo=0)                   0.000     0.000    clk
    K17                  IBUF (Prop_ibuf_I_O)         1.475     1.475 r  clk_IBUF_inst/O
                         net (fo=1, routed)           2.522     3.997    clk_IBUF
    BUFGCTRL_X0Y16       BUFG (Prop_bufg_I_O)         0.101     4.098 r  clk_IBUF_BUFG_inst/O
                         net (fo=44, routed)          1.904     6.002    clk_IBUF_BUFG
    SLICE_X82Y132        FDRE                                         r  pwm_count_reg[4]/C
  -------------------------------------------------------------------    -------------------
    SLICE_X82Y132        FDRE (Prop_fdre_C_Q)         0.478     6.480 f  pwm_count_reg[4]/Q
                         net (fo=7, routed)           1.028     7.508    pwm_count_reg__0[4]
    SLICE_X81Y131        LUT6 (Prop_lut6_I0_O)        0.301     7.809 r  pwm_duty0[7]_i_2/O
                         net (fo=1, routed)           0.433     8.242    pwm_duty0[7]_i_2_n_0
    SLICE_X81Y131        LUT3 (Prop_lut3_I1_O)        0.124     8.366 r  pwm_duty0[7]_i_1/O
                         net (fo=8, routed)           0.860     9.226    pwm_duty0[7]_i_1_n_0
    SLICE_X81Y122        FDRE                                         r  pwm_duty0_reg[7]/CE
  -------------------------------------------------------------------    -------------------

                         (clock sys_clk_pin rise edge)
                                                   8000.000  8000.000 r  
    K17                                               0.000  8000.000 r  clk (IN)
                         net (fo=0)                   0.000  8000.000    clk
    K17                  IBUF (Prop_ibuf_I_O)         1.404  8001.404 r  clk_IBUF_inst/O
                         net (fo=1, routed)           2.293  8003.697    clk_IBUF
    BUFGCTRL_X0Y16       BUFG (Prop_bufg_I_O)         0.091  8003.788 r  clk_IBUF_BUFG_inst/O
                         net (fo=44, routed)          1.705  8005.493    clk_IBUF_BUFG
    SLICE_X81Y122        FDRE                                         r  pwm_duty0_reg[7]/C
                         clock pessimism              0.441  8005.935    
                         clock uncertainty           -0.035  8005.899    
    SLICE_X81Y122        FDRE (Setup_fdre_C_CE)      -0.205  8005.694    pwm_duty0_reg[7]
  -------------------------------------------------------------------
                         required time                       8005.694    
                         arrival time                          -9.226    
  -------------------------------------------------------------------
                         slack                               7996.468    

Slack (MET) :             7996.532ns  (required time - arrival time)
  Source:                 div/counter_reg[16]/C
                            (rising edge-triggered cell FDRE clocked by sys_clk_pin  {rise@0.000ns fall@4.000ns period=8000.000ns})
  Destination:            div/counter_reg[16]/D
                            (rising edge-triggered cell FDRE clocked by sys_clk_pin  {rise@0.000ns fall@4.000ns period=8000.000ns})
  Path Group:             sys_clk_pin
  Path Type:              Setup (Max at Slow Process Corner)
  Requirement:            8000.000ns  (sys_clk_pin rise@8000.000ns - sys_clk_pin rise@0.000ns)
  Data Path Delay:        3.541ns  (logic 0.995ns (28.101%)  route 2.546ns (71.899%))
  Logic Levels:           2  (BUFG=1 CARRY4=1)
  Clock Path Skew:        0.000ns (DCD - SCD + CPR)
    Destination Clock Delay (DCD):    5.271ns = ( 8005.271 - 8000.000 ) 
    Source Clock Delay      (SCD):    5.754ns
    Clock Pessimism Removal (CPR):    0.483ns
  Clock Uncertainty:      0.035ns  ((TSJ^2 + TIJ^2)^1/2 + DJ) / 2 + PE
    Total System Jitter     (TSJ):    0.071ns
    Total Input Jitter      (TIJ):    0.000ns
    Discrete Jitter          (DJ):    0.000ns
    Phase Error              (PE):    0.000ns

    Location             Delay type                Incr(ns)  Path(ns)    Netlist Resource(s)
  -------------------------------------------------------------------    -------------------
                         (clock sys_clk_pin rise edge)
                                                      0.000     0.000 r  
    K17                                               0.000     0.000 r  clk (IN)
                         net (fo=0)                   0.000     0.000    clk
    K17                  IBUF (Prop_ibuf_I_O)         1.475     1.475 r  clk_IBUF_inst/O
                         net (fo=1, routed)           2.522     3.997    clk_IBUF
    BUFGCTRL_X0Y16       BUFG (Prop_bufg_I_O)         0.101     4.098 r  clk_IBUF_BUFG_inst/O
                         net (fo=44, routed)          1.656     5.754    div/dClk
    SLICE_X50Y46         FDRE                                         r  div/counter_reg[16]/C
  -------------------------------------------------------------------    -------------------
    SLICE_X50Y46         FDRE (Prop_fdre_C_Q)         0.518     6.272 r  div/counter_reg[16]/Q
                         net (fo=1, routed)           0.731     7.003    div/dClkD
    BUFGCTRL_X0Y0        BUFG (Prop_bufg_I_O)         0.101     7.104 r  div/dClkD_BUFG_inst/O
                         net (fo=74, routed)          1.815     8.919    div/dClkD_BUFG
    SLICE_X50Y46         CARRY4 (Prop_carry4_S[0]_O[0])
                                                      0.376     9.295 r  div/counter_reg[16]_i_1/O[0]
                         net (fo=1, routed)           0.000     9.295    div/counter_reg[16]_i_1_n_7
    SLICE_X50Y46         FDRE                                         r  div/counter_reg[16]/D
  -------------------------------------------------------------------    -------------------

                         (clock sys_clk_pin rise edge)
                                                   8000.000  8000.000 r  
    K17                                               0.000  8000.000 r  clk (IN)
                         net (fo=0)                   0.000  8000.000    clk
    K17                  IBUF (Prop_ibuf_I_O)         1.404  8001.404 r  clk_IBUF_inst/O
                         net (fo=1, routed)           2.293  8003.697    clk_IBUF
    BUFGCTRL_X0Y16       BUFG (Prop_bufg_I_O)         0.091  8003.788 r  clk_IBUF_BUFG_inst/O
                         net (fo=44, routed)          1.482  8005.271    div/dClk
    SLICE_X50Y46         FDRE                                         r  div/counter_reg[16]/C
                         clock pessimism              0.483  8005.753    
                         clock uncertainty           -0.035  8005.718    
    SLICE_X50Y46         FDRE (Setup_fdre_C_D)        0.109  8005.827    div/counter_reg[16]
  -------------------------------------------------------------------
                         required time                       8005.827    
                         arrival time                          -9.295    
  -------------------------------------------------------------------
                         slack                               7996.532    

Slack (MET) :             7996.771ns  (required time - arrival time)
  Source:                 myxadc/U0/DCLK
                            (rising edge-triggered cell XADC clocked by sys_clk_pin  {rise@0.000ns fall@4.000ns period=8000.000ns})
  Destination:            myxadc/U0/DEN
                            (rising edge-triggered cell XADC clocked by sys_clk_pin  {rise@0.000ns fall@4.000ns period=8000.000ns})
  Path Group:             sys_clk_pin
  Path Type:              Setup (Max at Slow Process Corner)
  Requirement:            8000.000ns  (sys_clk_pin rise@8000.000ns - sys_clk_pin rise@0.000ns)
  Data Path Delay:        2.347ns  (logic 1.527ns (65.073%)  route 0.820ns (34.927%))
  Logic Levels:           0  
  Clock Path Skew:        0.000ns (DCD - SCD + CPR)
    Destination Clock Delay (DCD):    5.490ns = ( 8005.491 - 8000.000 ) 
    Source Clock Delay      (SCD):    5.991ns
    Clock Pessimism Removal (CPR):    0.500ns
  Clock Uncertainty:      0.035ns  ((TSJ^2 + TIJ^2)^1/2 + DJ) / 2 + PE
    Total System Jitter     (TSJ):    0.071ns
    Total Input Jitter      (TIJ):    0.000ns
    Discrete Jitter          (DJ):    0.000ns
    Phase Error              (PE):    0.000ns

    Location             Delay type                Incr(ns)  Path(ns)    Netlist Resource(s)
  -------------------------------------------------------------------    -------------------
                         (clock sys_clk_pin rise edge)
                                                      0.000     0.000 r  
    K17                                               0.000     0.000 r  clk (IN)
                         net (fo=0)                   0.000     0.000    clk
    K17                  IBUF (Prop_ibuf_I_O)         1.475     1.475 r  clk_IBUF_inst/O
                         net (fo=1, routed)           2.522     3.997    clk_IBUF
    BUFGCTRL_X0Y16       BUFG (Prop_bufg_I_O)         0.101     4.098 r  clk_IBUF_BUFG_inst/O
                         net (fo=44, routed)          1.893     5.991    myxadc/dclk_in
    XADC_X0Y0            XADC                                         r  myxadc/U0/DCLK
  -------------------------------------------------------------------    -------------------
    XADC_X0Y0            XADC (Prop_xadc_DCLK_EOC)    1.527     7.518 r  myxadc/U0/EOC
                         net (fo=1, routed)           0.820     8.337    myxadc/den_in
    XADC_X0Y0            XADC                                         r  myxadc/U0/DEN
  -------------------------------------------------------------------    -------------------

                         (clock sys_clk_pin rise edge)
                                                   8000.000  8000.000 r  
    K17                                               0.000  8000.000 r  clk (IN)
                         net (fo=0)                   0.000  8000.000    clk
    K17                  IBUF (Prop_ibuf_I_O)         1.404  8001.404 r  clk_IBUF_inst/O
                         net (fo=1, routed)           2.293  8003.697    clk_IBUF
    BUFGCTRL_X0Y16       BUFG (Prop_bufg_I_O)         0.091  8003.788 r  clk_IBUF_BUFG_inst/O
                         net (fo=44, routed)          1.702  8005.490    myxadc/dclk_in
    XADC_X0Y0            XADC                                         r  myxadc/U0/DCLK
                         clock pessimism              0.500  8005.991    
                         clock uncertainty           -0.035  8005.956    
    XADC_X0Y0            XADC (Setup_xadc_DCLK_DEN)
                                                     -0.848  8005.107    myxadc/U0
  -------------------------------------------------------------------
                         required time                       8005.108    
                         arrival time                          -8.337    
  -------------------------------------------------------------------
                         slack                               7996.771    





Min Delay Paths
--------------------------------------------------------------------------------------
Slack (MET) :             0.222ns  (arrival time - required time)
  Source:                 data0_reg[4]/C
                            (rising edge-triggered cell FDRE clocked by sys_clk_pin  {rise@0.000ns fall@4.000ns period=8000.000ns})
  Destination:            pwm_duty0_reg[4]/D
                            (rising edge-triggered cell FDRE clocked by sys_clk_pin  {rise@0.000ns fall@4.000ns period=8000.000ns})
  Path Group:             sys_clk_pin
  Path Type:              Hold (Min at Fast Process Corner)
  Requirement:            0.000ns  (sys_clk_pin rise@0.000ns - sys_clk_pin rise@0.000ns)
  Data Path Delay:        0.307ns  (logic 0.141ns (45.895%)  route 0.166ns (54.105%))
  Logic Levels:           0  
  Clock Path Skew:        0.015ns (DCD - SCD - CPR)
    Destination Clock Delay (DCD):    2.292ns
    Source Clock Delay      (SCD):    1.763ns
    Clock Pessimism Removal (CPR):    0.513ns

    Location             Delay type                Incr(ns)  Path(ns)    Netlist Resource(s)
  -------------------------------------------------------------------    -------------------
                         (clock sys_clk_pin rise edge)
                                                      0.000     0.000 r  
    K17                                               0.000     0.000 r  clk (IN)
                         net (fo=0)                   0.000     0.000    clk
    K17                  IBUF (Prop_ibuf_I_O)         0.243     0.243 r  clk_IBUF_inst/O
                         net (fo=1, routed)           0.842     1.084    clk_IBUF
    BUFGCTRL_X0Y16       BUFG (Prop_bufg_I_O)         0.026     1.110 r  clk_IBUF_BUFG_inst/O
                         net (fo=44, routed)          0.653     1.763    clk_IBUF_BUFG
    SLICE_X81Y123        FDRE                                         r  data0_reg[4]/C
  -------------------------------------------------------------------    -------------------
    SLICE_X81Y123        FDRE (Prop_fdre_C_Q)         0.141     1.904 r  data0_reg[4]/Q
                         net (fo=7, routed)           0.166     2.071    data0[4]
    SLICE_X81Y122        FDRE                                         r  pwm_duty0_reg[4]/D
  -------------------------------------------------------------------    -------------------

                         (clock sys_clk_pin rise edge)
                                                      0.000     0.000 r  
    K17                                               0.000     0.000 r  clk (IN)
                         net (fo=0)                   0.000     0.000    clk
    K17                  IBUF (Prop_ibuf_I_O)         0.431     0.431 r  clk_IBUF_inst/O
                         net (fo=1, routed)           0.907     1.338    clk_IBUF
    BUFGCTRL_X0Y16       BUFG (Prop_bufg_I_O)         0.029     1.367 r  clk_IBUF_BUFG_inst/O
                         net (fo=44, routed)          0.925     2.292    clk_IBUF_BUFG
    SLICE_X81Y122        FDRE                                         r  pwm_duty0_reg[4]/C
                         clock pessimism             -0.513     1.778    
    SLICE_X81Y122        FDRE (Hold_fdre_C_D)         0.070     1.848    pwm_duty0_reg[4]
  -------------------------------------------------------------------
                         required time                         -1.848    
                         arrival time                           2.071    
  -------------------------------------------------------------------
                         slack                                  0.222    

Slack (MET) :             0.225ns  (arrival time - required time)
  Source:                 data0_reg[5]/C
                            (rising edge-triggered cell FDRE clocked by sys_clk_pin  {rise@0.000ns fall@4.000ns period=8000.000ns})
  Destination:            pwm_duty0_reg[5]/D
                            (rising edge-triggered cell FDRE clocked by sys_clk_pin  {rise@0.000ns fall@4.000ns period=8000.000ns})
  Path Group:             sys_clk_pin
  Path Type:              Hold (Min at Fast Process Corner)
  Requirement:            0.000ns  (sys_clk_pin rise@0.000ns - sys_clk_pin rise@0.000ns)
  Data Path Delay:        0.306ns  (logic 0.141ns (46.011%)  route 0.165ns (53.989%))
  Logic Levels:           0  
  Clock Path Skew:        0.015ns (DCD - SCD - CPR)
    Destination Clock Delay (DCD):    2.292ns
    Source Clock Delay      (SCD):    1.763ns
    Clock Pessimism Removal (CPR):    0.513ns

    Location             Delay type                Incr(ns)  Path(ns)    Netlist Resource(s)
  -------------------------------------------------------------------    -------------------
                         (clock sys_clk_pin rise edge)
                                                      0.000     0.000 r  
    K17                                               0.000     0.000 r  clk (IN)
                         net (fo=0)                   0.000     0.000    clk
    K17                  IBUF (Prop_ibuf_I_O)         0.243     0.243 r  clk_IBUF_inst/O
                         net (fo=1, routed)           0.842     1.084    clk_IBUF
    BUFGCTRL_X0Y16       BUFG (Prop_bufg_I_O)         0.026     1.110 r  clk_IBUF_BUFG_inst/O
                         net (fo=44, routed)          0.653     1.763    clk_IBUF_BUFG
    SLICE_X81Y123        FDRE                                         r  data0_reg[5]/C
  -------------------------------------------------------------------    -------------------
    SLICE_X81Y123        FDRE (Prop_fdre_C_Q)         0.141     1.904 r  data0_reg[5]/Q
                         net (fo=6, routed)           0.165     2.070    data0[5]
    SLICE_X81Y122        FDRE                                         r  pwm_duty0_reg[5]/D
  -------------------------------------------------------------------    -------------------

                         (clock sys_clk_pin rise edge)
                                                      0.000     0.000 r  
    K17                                               0.000     0.000 r  clk (IN)
                         net (fo=0)                   0.000     0.000    clk
    K17                  IBUF (Prop_ibuf_I_O)         0.431     0.431 r  clk_IBUF_inst/O
                         net (fo=1, routed)           0.907     1.338    clk_IBUF
    BUFGCTRL_X0Y16       BUFG (Prop_bufg_I_O)         0.029     1.367 r  clk_IBUF_BUFG_inst/O
                         net (fo=44, routed)          0.925     2.292    clk_IBUF_BUFG
    SLICE_X81Y122        FDRE                                         r  pwm_duty0_reg[5]/C
                         clock pessimism             -0.513     1.778    
    SLICE_X81Y122        FDRE (Hold_fdre_C_D)         0.066     1.844    pwm_duty0_reg[5]
  -------------------------------------------------------------------
                         required time                         -1.844    
                         arrival time                           2.070    
  -------------------------------------------------------------------
                         slack                                  0.225    

Slack (MET) :             0.251ns  (arrival time - required time)
  Source:                 data0_reg[6]/C
                            (rising edge-triggered cell FDRE clocked by sys_clk_pin  {rise@0.000ns fall@4.000ns period=8000.000ns})
  Destination:            pwm_duty0_reg[6]/D
                            (rising edge-triggered cell FDRE clocked by sys_clk_pin  {rise@0.000ns fall@4.000ns period=8000.000ns})
  Path Group:             sys_clk_pin
  Path Type:              Hold (Min at Fast Process Corner)
  Requirement:            0.000ns  (sys_clk_pin rise@0.000ns - sys_clk_pin rise@0.000ns)
  Data Path Delay:        0.336ns  (logic 0.141ns (41.913%)  route 0.195ns (58.087%))
  Logic Levels:           0  
  Clock Path Skew:        0.015ns (DCD - SCD - CPR)
    Destination Clock Delay (DCD):    2.292ns
    Source Clock Delay      (SCD):    1.763ns
    Clock Pessimism Removal (CPR):    0.513ns

    Location             Delay type                Incr(ns)  Path(ns)    Netlist Resource(s)
  -------------------------------------------------------------------    -------------------
                         (clock sys_clk_pin rise edge)
                                                      0.000     0.000 r  
    K17                                               0.000     0.000 r  clk (IN)
                         net (fo=0)                   0.000     0.000    clk
    K17                  IBUF (Prop_ibuf_I_O)         0.243     0.243 r  clk_IBUF_inst/O
                         net (fo=1, routed)           0.842     1.084    clk_IBUF
    BUFGCTRL_X0Y16       BUFG (Prop_bufg_I_O)         0.026     1.110 r  clk_IBUF_BUFG_inst/O
                         net (fo=44, routed)          0.653     1.763    clk_IBUF_BUFG
    SLICE_X81Y123        FDRE                                         r  data0_reg[6]/C
  -------------------------------------------------------------------    -------------------
    SLICE_X81Y123        FDRE (Prop_fdre_C_Q)         0.141     1.904 r  data0_reg[6]/Q
                         net (fo=8, routed)           0.195     2.100    data0[6]
    SLICE_X81Y122        FDRE                                         r  pwm_duty0_reg[6]/D
  -------------------------------------------------------------------    -------------------

                         (clock sys_clk_pin rise edge)
                                                      0.000     0.000 r  
    K17                                               0.000     0.000 r  clk (IN)
                         net (fo=0)                   0.000     0.000    clk
    K17                  IBUF (Prop_ibuf_I_O)         0.431     0.431 r  clk_IBUF_inst/O
                         net (fo=1, routed)           0.907     1.338    clk_IBUF
    BUFGCTRL_X0Y16       BUFG (Prop_bufg_I_O)         0.029     1.367 r  clk_IBUF_BUFG_inst/O
                         net (fo=44, routed)          0.925     2.292    clk_IBUF_BUFG
    SLICE_X81Y122        FDRE                                         r  pwm_duty0_reg[6]/C
                         clock pessimism             -0.513     1.778    
    SLICE_X81Y122        FDRE (Hold_fdre_C_D)         0.070     1.848    pwm_duty0_reg[6]
  -------------------------------------------------------------------
                         required time                         -1.848    
                         arrival time                           2.100    
  -------------------------------------------------------------------
                         slack                                  0.251    

Slack (MET) :             0.254ns  (arrival time - required time)
  Source:                 div/counter_reg[10]/C
                            (rising edge-triggered cell FDRE clocked by sys_clk_pin  {rise@0.000ns fall@4.000ns period=8000.000ns})
  Destination:            div/counter_reg[10]/D
                            (rising edge-triggered cell FDRE clocked by sys_clk_pin  {rise@0.000ns fall@4.000ns period=8000.000ns})
  Path Group:             sys_clk_pin
  Path Type:              Hold (Min at Fast Process Corner)
  Requirement:            0.000ns  (sys_clk_pin rise@0.000ns - sys_clk_pin rise@0.000ns)
  Data Path Delay:        0.388ns  (logic 0.274ns (70.550%)  route 0.114ns (29.450%))
  Logic Levels:           1  (CARRY4=1)
  Clock Path Skew:        0.000ns (DCD - SCD - CPR)
    Destination Clock Delay (DCD):    2.192ns
    Source Clock Delay      (SCD):    1.668ns
    Clock Pessimism Removal (CPR):    0.524ns

    Location             Delay type                Incr(ns)  Path(ns)    Netlist Resource(s)
  -------------------------------------------------------------------    -------------------
                         (clock sys_clk_pin rise edge)
                                                      0.000     0.000 r  
    K17                                               0.000     0.000 r  clk (IN)
                         net (fo=0)                   0.000     0.000    clk
    K17                  IBUF (Prop_ibuf_I_O)         0.243     0.243 r  clk_IBUF_inst/O
                         net (fo=1, routed)           0.842     1.084    clk_IBUF
    BUFGCTRL_X0Y16       BUFG (Prop_bufg_I_O)         0.026     1.110 r  clk_IBUF_BUFG_inst/O
                         net (fo=44, routed)          0.558     1.668    div/dClk
    SLICE_X50Y44         FDRE                                         r  div/counter_reg[10]/C
  -------------------------------------------------------------------    -------------------
    SLICE_X50Y44         FDRE (Prop_fdre_C_Q)         0.164     1.832 r  div/counter_reg[10]/Q
                         net (fo=1, routed)           0.114     1.946    div/counter_reg_n_0_[10]
    SLICE_X50Y44         CARRY4 (Prop_carry4_S[2]_O[2])
                                                      0.110     2.056 r  div/counter_reg[8]_i_1/O[2]
                         net (fo=1, routed)           0.000     2.056    div/counter_reg[8]_i_1_n_5
    SLICE_X50Y44         FDRE                                         r  div/counter_reg[10]/D
  -------------------------------------------------------------------    -------------------

                         (clock sys_clk_pin rise edge)
                                                      0.000     0.000 r  
    K17                                               0.000     0.000 r  clk (IN)
                         net (fo=0)                   0.000     0.000    clk
    K17                  IBUF (Prop_ibuf_I_O)         0.431     0.431 r  clk_IBUF_inst/O
                         net (fo=1, routed)           0.907     1.338    clk_IBUF
    BUFGCTRL_X0Y16       BUFG (Prop_bufg_I_O)         0.029     1.367 r  clk_IBUF_BUFG_inst/O
                         net (fo=44, routed)          0.825     2.192    div/dClk
    SLICE_X50Y44         FDRE                                         r  div/counter_reg[10]/C
                         clock pessimism             -0.524     1.668    
    SLICE_X50Y44         FDRE (Hold_fdre_C_D)         0.134     1.802    div/counter_reg[10]
  -------------------------------------------------------------------
                         required time                         -1.802    
                         arrival time                           2.056    
  -------------------------------------------------------------------
                         slack                                  0.254    

Slack (MET) :             0.254ns  (arrival time - required time)
  Source:                 div/counter_reg[14]/C
                            (rising edge-triggered cell FDRE clocked by sys_clk_pin  {rise@0.000ns fall@4.000ns period=8000.000ns})
  Destination:            div/counter_reg[14]/D
                            (rising edge-triggered cell FDRE clocked by sys_clk_pin  {rise@0.000ns fall@4.000ns period=8000.000ns})
  Path Group:             sys_clk_pin
  Path Type:              Hold (Min at Fast Process Corner)
  Requirement:            0.000ns  (sys_clk_pin rise@0.000ns - sys_clk_pin rise@0.000ns)
  Data Path Delay:        0.388ns  (logic 0.274ns (70.550%)  route 0.114ns (29.450%))
  Logic Levels:           1  (CARRY4=1)
  Clock Path Skew:        0.000ns (DCD - SCD - CPR)
    Destination Clock Delay (DCD):    2.192ns
    Source Clock Delay      (SCD):    1.668ns
    Clock Pessimism Removal (CPR):    0.524ns

    Location             Delay type                Incr(ns)  Path(ns)    Netlist Resource(s)
  -------------------------------------------------------------------    -------------------
                         (clock sys_clk_pin rise edge)
                                                      0.000     0.000 r  
    K17                                               0.000     0.000 r  clk (IN)
                         net (fo=0)                   0.000     0.000    clk
    K17                  IBUF (Prop_ibuf_I_O)         0.243     0.243 r  clk_IBUF_inst/O
                         net (fo=1, routed)           0.842     1.084    clk_IBUF
    BUFGCTRL_X0Y16       BUFG (Prop_bufg_I_O)         0.026     1.110 r  clk_IBUF_BUFG_inst/O
                         net (fo=44, routed)          0.558     1.668    div/dClk
    SLICE_X50Y45         FDRE                                         r  div/counter_reg[14]/C
  -------------------------------------------------------------------    -------------------
    SLICE_X50Y45         FDRE (Prop_fdre_C_Q)         0.164     1.832 r  div/counter_reg[14]/Q
                         net (fo=1, routed)           0.114     1.946    div/counter_reg_n_0_[14]
    SLICE_X50Y45         CARRY4 (Prop_carry4_S[2]_O[2])
                                                      0.110     2.056 r  div/counter_reg[12]_i_1/O[2]
                         net (fo=1, routed)           0.000     2.056    div/counter_reg[12]_i_1_n_5
    SLICE_X50Y45         FDRE                                         r  div/counter_reg[14]/D
  -------------------------------------------------------------------    -------------------

                         (clock sys_clk_pin rise edge)
                                                      0.000     0.000 r  
    K17                                               0.000     0.000 r  clk (IN)
                         net (fo=0)                   0.000     0.000    clk
    K17                  IBUF (Prop_ibuf_I_O)         0.431     0.431 r  clk_IBUF_inst/O
                         net (fo=1, routed)           0.907     1.338    clk_IBUF
    BUFGCTRL_X0Y16       BUFG (Prop_bufg_I_O)         0.029     1.367 r  clk_IBUF_BUFG_inst/O
                         net (fo=44, routed)          0.825     2.192    div/dClk
    SLICE_X50Y45         FDRE                                         r  div/counter_reg[14]/C
                         clock pessimism             -0.524     1.668    
    SLICE_X50Y45         FDRE (Hold_fdre_C_D)         0.134     1.802    div/counter_reg[14]
  -------------------------------------------------------------------
                         required time                         -1.802    
                         arrival time                           2.056    
  -------------------------------------------------------------------
                         slack                                  0.254    

Slack (MET) :             0.254ns  (arrival time - required time)
  Source:                 div/counter_reg[6]/C
                            (rising edge-triggered cell FDRE clocked by sys_clk_pin  {rise@0.000ns fall@4.000ns period=8000.000ns})
  Destination:            div/counter_reg[6]/D
                            (rising edge-triggered cell FDRE clocked by sys_clk_pin  {rise@0.000ns fall@4.000ns period=8000.000ns})
  Path Group:             sys_clk_pin
  Path Type:              Hold (Min at Fast Process Corner)
  Requirement:            0.000ns  (sys_clk_pin rise@0.000ns - sys_clk_pin rise@0.000ns)
  Data Path Delay:        0.388ns  (logic 0.274ns (70.550%)  route 0.114ns (29.450%))
  Logic Levels:           1  (CARRY4=1)
  Clock Path Skew:        0.000ns (DCD - SCD - CPR)
    Destination Clock Delay (DCD):    2.192ns
    Source Clock Delay      (SCD):    1.668ns
    Clock Pessimism Removal (CPR):    0.524ns

    Location             Delay type                Incr(ns)  Path(ns)    Netlist Resource(s)
  -------------------------------------------------------------------    -------------------
                         (clock sys_clk_pin rise edge)
                                                      0.000     0.000 r  
    K17                                               0.000     0.000 r  clk (IN)
                         net (fo=0)                   0.000     0.000    clk
    K17                  IBUF (Prop_ibuf_I_O)         0.243     0.243 r  clk_IBUF_inst/O
                         net (fo=1, routed)           0.842     1.084    clk_IBUF
    BUFGCTRL_X0Y16       BUFG (Prop_bufg_I_O)         0.026     1.110 r  clk_IBUF_BUFG_inst/O
                         net (fo=44, routed)          0.558     1.668    div/dClk
    SLICE_X50Y43         FDRE                                         r  div/counter_reg[6]/C
  -------------------------------------------------------------------    -------------------
    SLICE_X50Y43         FDRE (Prop_fdre_C_Q)         0.164     1.832 r  div/counter_reg[6]/Q
                         net (fo=1, routed)           0.114     1.946    div/counter_reg_n_0_[6]
    SLICE_X50Y43         CARRY4 (Prop_carry4_S[2]_O[2])
                                                      0.110     2.056 r  div/counter_reg[4]_i_1/O[2]
                         net (fo=1, routed)           0.000     2.056    div/counter_reg[4]_i_1_n_5
    SLICE_X50Y43         FDRE                                         r  div/counter_reg[6]/D
  -------------------------------------------------------------------    -------------------

                         (clock sys_clk_pin rise edge)
                                                      0.000     0.000 r  
    K17                                               0.000     0.000 r  clk (IN)
                         net (fo=0)                   0.000     0.000    clk
    K17                  IBUF (Prop_ibuf_I_O)         0.431     0.431 r  clk_IBUF_inst/O
                         net (fo=1, routed)           0.907     1.338    clk_IBUF
    BUFGCTRL_X0Y16       BUFG (Prop_bufg_I_O)         0.029     1.367 r  clk_IBUF_BUFG_inst/O
                         net (fo=44, routed)          0.825     2.192    div/dClk
    SLICE_X50Y43         FDRE                                         r  div/counter_reg[6]/C
                         clock pessimism             -0.524     1.668    
    SLICE_X50Y43         FDRE (Hold_fdre_C_D)         0.134     1.802    div/counter_reg[6]
  -------------------------------------------------------------------
                         required time                         -1.802    
                         arrival time                           2.056    
  -------------------------------------------------------------------
                         slack                                  0.254    

Slack (MET) :             0.254ns  (arrival time - required time)
  Source:                 div/counter_reg[2]/C
                            (rising edge-triggered cell FDRE clocked by sys_clk_pin  {rise@0.000ns fall@4.000ns period=8000.000ns})
  Destination:            div/counter_reg[2]/D
                            (rising edge-triggered cell FDRE clocked by sys_clk_pin  {rise@0.000ns fall@4.000ns period=8000.000ns})
  Path Group:             sys_clk_pin
  Path Type:              Hold (Min at Fast Process Corner)
  Requirement:            0.000ns  (sys_clk_pin rise@0.000ns - sys_clk_pin rise@0.000ns)
  Data Path Delay:        0.388ns  (logic 0.274ns (70.550%)  route 0.114ns (29.450%))
  Logic Levels:           1  (CARRY4=1)
  Clock Path Skew:        0.000ns (DCD - SCD - CPR)
    Destination Clock Delay (DCD):    2.191ns
    Source Clock Delay      (SCD):    1.667ns
    Clock Pessimism Removal (CPR):    0.524ns

    Location             Delay type                Incr(ns)  Path(ns)    Netlist Resource(s)
  -------------------------------------------------------------------    -------------------
                         (clock sys_clk_pin rise edge)
                                                      0.000     0.000 r  
    K17                                               0.000     0.000 r  clk (IN)
                         net (fo=0)                   0.000     0.000    clk
    K17                  IBUF (Prop_ibuf_I_O)         0.243     0.243 r  clk_IBUF_inst/O
                         net (fo=1, routed)           0.842     1.084    clk_IBUF
    BUFGCTRL_X0Y16       BUFG (Prop_bufg_I_O)         0.026     1.110 r  clk_IBUF_BUFG_inst/O
                         net (fo=44, routed)          0.557     1.667    div/dClk
    SLICE_X50Y42         FDRE                                         r  div/counter_reg[2]/C
  -------------------------------------------------------------------    -------------------
    SLICE_X50Y42         FDRE (Prop_fdre_C_Q)         0.164     1.831 r  div/counter_reg[2]/Q
                         net (fo=1, routed)           0.114     1.945    div/counter_reg_n_0_[2]
    SLICE_X50Y42         CARRY4 (Prop_carry4_S[2]_O[2])
                                                      0.110     2.055 r  div/counter_reg[0]_i_1/O[2]
                         net (fo=1, routed)           0.000     2.055    div/counter_reg[0]_i_1_n_5
    SLICE_X50Y42         FDRE                                         r  div/counter_reg[2]/D
  -------------------------------------------------------------------    -------------------

                         (clock sys_clk_pin rise edge)
                                                      0.000     0.000 r  
    K17                                               0.000     0.000 r  clk (IN)
                         net (fo=0)                   0.000     0.000    clk
    K17                  IBUF (Prop_ibuf_I_O)         0.431     0.431 r  clk_IBUF_inst/O
                         net (fo=1, routed)           0.907     1.338    clk_IBUF
    BUFGCTRL_X0Y16       BUFG (Prop_bufg_I_O)         0.029     1.367 r  clk_IBUF_BUFG_inst/O
                         net (fo=44, routed)          0.824     2.191    div/dClk
    SLICE_X50Y42         FDRE                                         r  div/counter_reg[2]/C
                         clock pessimism             -0.524     1.667    
    SLICE_X50Y42         FDRE (Hold_fdre_C_D)         0.134     1.801    div/counter_reg[2]
  -------------------------------------------------------------------
                         required time                         -1.801    
                         arrival time                           2.055    
  -------------------------------------------------------------------
                         slack                                  0.254    

Slack (MET) :             0.268ns  (arrival time - required time)
  Source:                 pwm_count_reg[6]/C
                            (rising edge-triggered cell FDRE clocked by sys_clk_pin  {rise@0.000ns fall@4.000ns period=8000.000ns})
  Destination:            pwm_count_reg[7]/D
                            (rising edge-triggered cell FDRE clocked by sys_clk_pin  {rise@0.000ns fall@4.000ns period=8000.000ns})
  Path Group:             sys_clk_pin
  Path Type:              Hold (Min at Fast Process Corner)
  Requirement:            0.000ns  (sys_clk_pin rise@0.000ns - sys_clk_pin rise@0.000ns)
  Data Path Delay:        0.375ns  (logic 0.183ns (48.739%)  route 0.192ns (51.261%))
  Logic Levels:           1  (LUT3=1)
  Clock Path Skew:        0.000ns (DCD - SCD - CPR)
    Destination Clock Delay (DCD):    2.296ns
    Source Clock Delay      (SCD):    1.768ns
    Clock Pessimism Removal (CPR):    0.527ns

    Location             Delay type                Incr(ns)  Path(ns)    Netlist Resource(s)
  -------------------------------------------------------------------    -------------------
                         (clock sys_clk_pin rise edge)
                                                      0.000     0.000 r  
    K17                                               0.000     0.000 r  clk (IN)
                         net (fo=0)                   0.000     0.000    clk
    K17                  IBUF (Prop_ibuf_I_O)         0.243     0.243 r  clk_IBUF_inst/O
                         net (fo=1, routed)           0.842     1.084    clk_IBUF
    BUFGCTRL_X0Y16       BUFG (Prop_bufg_I_O)         0.026     1.110 r  clk_IBUF_BUFG_inst/O
                         net (fo=44, routed)          0.658     1.768    clk_IBUF_BUFG
    SLICE_X81Y131        FDRE                                         r  pwm_count_reg[6]/C
  -------------------------------------------------------------------    -------------------
    SLICE_X81Y131        FDRE (Prop_fdre_C_Q)         0.141     1.909 r  pwm_count_reg[6]/Q
                         net (fo=6, routed)           0.192     2.102    pwm_count_reg__0[6]
    SLICE_X81Y131        LUT3 (Prop_lut3_I1_O)        0.042     2.144 r  pwm_count[7]_i_1/O
                         net (fo=1, routed)           0.000     2.144    pwm_count[7]_i_1_n_0
    SLICE_X81Y131        FDRE                                         r  pwm_count_reg[7]/D
  -------------------------------------------------------------------    -------------------

                         (clock sys_clk_pin rise edge)
                                                      0.000     0.000 r  
    K17                                               0.000     0.000 r  clk (IN)
                         net (fo=0)                   0.000     0.000    clk
    K17                  IBUF (Prop_ibuf_I_O)         0.431     0.431 r  clk_IBUF_inst/O
                         net (fo=1, routed)           0.907     1.338    clk_IBUF
    BUFGCTRL_X0Y16       BUFG (Prop_bufg_I_O)         0.029     1.367 r  clk_IBUF_BUFG_inst/O
                         net (fo=44, routed)          0.929     2.296    clk_IBUF_BUFG
    SLICE_X81Y131        FDRE                                         r  pwm_count_reg[7]/C
                         clock pessimism             -0.527     1.768    
    SLICE_X81Y131        FDRE (Hold_fdre_C_D)         0.107     1.875    pwm_count_reg[7]
  -------------------------------------------------------------------
                         required time                         -1.875    
                         arrival time                           2.144    
  -------------------------------------------------------------------
                         slack                                  0.268    

Slack (MET) :             0.287ns  (arrival time - required time)
  Source:                 pwm_count_reg[6]/C
                            (rising edge-triggered cell FDRE clocked by sys_clk_pin  {rise@0.000ns fall@4.000ns period=8000.000ns})
  Destination:            pwm_count_reg[6]/D
                            (rising edge-triggered cell FDRE clocked by sys_clk_pin  {rise@0.000ns fall@4.000ns period=8000.000ns})
  Path Group:             sys_clk_pin
  Path Type:              Hold (Min at Fast Process Corner)
  Requirement:            0.000ns  (sys_clk_pin rise@0.000ns - sys_clk_pin rise@0.000ns)
  Data Path Delay:        0.378ns  (logic 0.186ns (49.145%)  route 0.192ns (50.855%))
  Logic Levels:           1  (LUT2=1)
  Clock Path Skew:        0.000ns (DCD - SCD - CPR)
    Destination Clock Delay (DCD):    2.296ns
    Source Clock Delay      (SCD):    1.768ns
    Clock Pessimism Removal (CPR):    0.527ns

    Location             Delay type                Incr(ns)  Path(ns)    Netlist Resource(s)
  -------------------------------------------------------------------    -------------------
                         (clock sys_clk_pin rise edge)
                                                      0.000     0.000 r  
    K17                                               0.000     0.000 r  clk (IN)
                         net (fo=0)                   0.000     0.000    clk
    K17                  IBUF (Prop_ibuf_I_O)         0.243     0.243 r  clk_IBUF_inst/O
                         net (fo=1, routed)           0.842     1.084    clk_IBUF
    BUFGCTRL_X0Y16       BUFG (Prop_bufg_I_O)         0.026     1.110 r  clk_IBUF_BUFG_inst/O
                         net (fo=44, routed)          0.658     1.768    clk_IBUF_BUFG
    SLICE_X81Y131        FDRE                                         r  pwm_count_reg[6]/C
  -------------------------------------------------------------------    -------------------
    SLICE_X81Y131        FDRE (Prop_fdre_C_Q)         0.141     1.909 r  pwm_count_reg[6]/Q
                         net (fo=6, routed)           0.192     2.102    pwm_count_reg__0[6]
    SLICE_X81Y131        LUT2 (Prop_lut2_I1_O)        0.045     2.147 r  pwm_count[6]_i_1/O
                         net (fo=1, routed)           0.000     2.147    pwm_count[6]_i_1_n_0
    SLICE_X81Y131        FDRE                                         r  pwm_count_reg[6]/D
  -------------------------------------------------------------------    -------------------

                         (clock sys_clk_pin rise edge)
                                                      0.000     0.000 r  
    K17                                               0.000     0.000 r  clk (IN)
                         net (fo=0)                   0.000     0.000    clk
    K17                  IBUF (Prop_ibuf_I_O)         0.431     0.431 r  clk_IBUF_inst/O
                         net (fo=1, routed)           0.907     1.338    clk_IBUF
    BUFGCTRL_X0Y16       BUFG (Prop_bufg_I_O)         0.029     1.367 r  clk_IBUF_BUFG_inst/O
                         net (fo=44, routed)          0.929     2.296    clk_IBUF_BUFG
    SLICE_X81Y131        FDRE                                         r  pwm_count_reg[6]/C
                         clock pessimism             -0.527     1.768    
    SLICE_X81Y131        FDRE (Hold_fdre_C_D)         0.091     1.859    pwm_count_reg[6]
  -------------------------------------------------------------------
                         required time                         -1.859    
                         arrival time                           2.147    
  -------------------------------------------------------------------
                         slack                                  0.287    

Slack (MET) :             0.289ns  (arrival time - required time)
  Source:                 pwm_count_reg[0]/C
                            (rising edge-triggered cell FDRE clocked by sys_clk_pin  {rise@0.000ns fall@4.000ns period=8000.000ns})
  Destination:            pwm_count_reg[5]/D
                            (rising edge-triggered cell FDRE clocked by sys_clk_pin  {rise@0.000ns fall@4.000ns period=8000.000ns})
  Path Group:             sys_clk_pin
  Path Type:              Hold (Min at Fast Process Corner)
  Requirement:            0.000ns  (sys_clk_pin rise@0.000ns - sys_clk_pin rise@0.000ns)
  Data Path Delay:        0.410ns  (logic 0.209ns (51.012%)  route 0.201ns (48.988%))
  Logic Levels:           1  (LUT6=1)
  Clock Path Skew:        0.000ns (DCD - SCD - CPR)
    Destination Clock Delay (DCD):    2.289ns
    Source Clock Delay      (SCD):    1.762ns
    Clock Pessimism Removal (CPR):    0.526ns

    Location             Delay type                Incr(ns)  Path(ns)    Netlist Resource(s)
  -------------------------------------------------------------------    -------------------
                         (clock sys_clk_pin rise edge)
                                                      0.000     0.000 r  
    K17                                               0.000     0.000 r  clk (IN)
                         net (fo=0)                   0.000     0.000    clk
    K17                  IBUF (Prop_ibuf_I_O)         0.243     0.243 r  clk_IBUF_inst/O
                         net (fo=1, routed)           0.842     1.084    clk_IBUF
    BUFGCTRL_X0Y16       BUFG (Prop_bufg_I_O)         0.026     1.110 r  clk_IBUF_BUFG_inst/O
                         net (fo=44, routed)          0.652     1.762    clk_IBUF_BUFG
    SLICE_X82Y124        FDRE                                         r  pwm_count_reg[0]/C
  -------------------------------------------------------------------    -------------------
    SLICE_X82Y124        FDRE (Prop_fdre_C_Q)         0.164     1.926 r  pwm_count_reg[0]/Q
                         net (fo=11, routed)          0.201     2.127    pwm_count_reg__0[0]
    SLICE_X82Y124        LUT6 (Prop_lut6_I2_O)        0.045     2.172 r  pwm_count[5]_i_1/O
                         net (fo=1, routed)           0.000     2.172    pwm_count[5]_i_1_n_0
    SLICE_X82Y124        FDRE                                         r  pwm_count_reg[5]/D
  -------------------------------------------------------------------    -------------------

                         (clock sys_clk_pin rise edge)
                                                      0.000     0.000 r  
    K17                                               0.000     0.000 r  clk (IN)
                         net (fo=0)                   0.000     0.000    clk
    K17                  IBUF (Prop_ibuf_I_O)         0.431     0.431 r  clk_IBUF_inst/O
                         net (fo=1, routed)           0.907     1.338    clk_IBUF
    BUFGCTRL_X0Y16       BUFG (Prop_bufg_I_O)         0.029     1.367 r  clk_IBUF_BUFG_inst/O
                         net (fo=44, routed)          0.922     2.289    clk_IBUF_BUFG
    SLICE_X82Y124        FDRE                                         r  pwm_count_reg[5]/C
                         clock pessimism             -0.526     1.762    
    SLICE_X82Y124        FDRE (Hold_fdre_C_D)         0.121     1.883    pwm_count_reg[5]
  -------------------------------------------------------------------
                         required time                         -1.883    
                         arrival time                           2.172    
  -------------------------------------------------------------------
                         slack                                  0.289    





Pulse Width Checks
--------------------------------------------------------------------------------------
Clock Name:         sys_clk_pin
Waveform(ns):       { 0.000 4.000 }
Period(ns):         8000.000
Sources:            { clk }

Check Type        Corner  Lib Pin    Reference Pin  Required(ns)  Actual(ns)  Slack(ns)  Location        Pin
Min Period        n/a     XADC/DCLK  n/a            4.000         8000.000    7996.000   XADC_X0Y0       myxadc/U0/DCLK
Min Period        n/a     BUFG/I     n/a            2.155         8000.000    7997.845   BUFGCTRL_X0Y16  clk_IBUF_BUFG_inst/I
Min Period        n/a     FDRE/C     n/a            1.000         8000.000    7999.000   SLICE_X80Y126   _drdy_reg[0]/C
Min Period        n/a     FDRE/C     n/a            1.000         8000.000    7999.000   SLICE_X82Y124   _drdy_reg[1]/C
Min Period        n/a     FDRE/C     n/a            1.000         8000.000    7999.000   SLICE_X80Y122   data0_reg[0]/C
Min Period        n/a     FDRE/C     n/a            1.000         8000.000    7999.000   SLICE_X80Y123   data0_reg[1]/C
Min Period        n/a     FDRE/C     n/a            1.000         8000.000    7999.000   SLICE_X80Y122   data0_reg[2]/C
Min Period        n/a     FDRE/C     n/a            1.000         8000.000    7999.000   SLICE_X80Y122   data0_reg[3]/C
Min Period        n/a     FDRE/C     n/a            1.000         8000.000    7999.000   SLICE_X81Y123   data0_reg[4]/C
Min Period        n/a     FDRE/C     n/a            1.000         8000.000    7999.000   SLICE_X81Y123   data0_reg[5]/C
Low Pulse Width   Fast    FDRE/C     n/a            0.500         7996.000    7995.499   SLICE_X80Y122   data0_reg[0]/C
Low Pulse Width   Fast    FDRE/C     n/a            0.500         7996.000    7995.499   SLICE_X80Y122   data0_reg[2]/C
Low Pulse Width   Fast    FDRE/C     n/a            0.500         7996.000    7995.499   SLICE_X80Y122   data0_reg[3]/C
Low Pulse Width   Fast    FDRE/C     n/a            0.500         7996.000    7995.499   SLICE_X81Y131   pwm_count_reg[6]/C
Low Pulse Width   Fast    FDRE/C     n/a            0.500         7996.000    7995.499   SLICE_X81Y131   pwm_count_reg[7]/C
Low Pulse Width   Fast    FDRE/C     n/a            0.500         7996.000    7995.499   SLICE_X82Y122   pwm_duty0_reg[0]/C
Low Pulse Width   Fast    FDRE/C     n/a            0.500         7996.000    7995.499   SLICE_X82Y122   pwm_duty0_reg[1]/C
Low Pulse Width   Fast    FDRE/C     n/a            0.500         7996.000    7995.499   SLICE_X82Y122   pwm_duty0_reg[2]/C
Low Pulse Width   Fast    FDRE/C     n/a            0.500         7996.000    7995.499   SLICE_X82Y122   pwm_duty0_reg[3]/C
Low Pulse Width   Fast    FDRE/C     n/a            0.500         7996.000    7995.499   SLICE_X81Y122   pwm_duty0_reg[4]/C
High Pulse Width  Fast    FDRE/C     n/a            0.500         4.000       3.500      SLICE_X80Y126   _drdy_reg[0]/C
High Pulse Width  Fast    FDRE/C     n/a            0.500         4.000       3.500      SLICE_X82Y124   _drdy_reg[1]/C
High Pulse Width  Fast    FDRE/C     n/a            0.500         4.000       3.500      SLICE_X80Y122   data0_reg[0]/C
High Pulse Width  Fast    FDRE/C     n/a            0.500         4.000       3.500      SLICE_X80Y123   data0_reg[1]/C
High Pulse Width  Fast    FDRE/C     n/a            0.500         4.000       3.500      SLICE_X80Y122   data0_reg[2]/C
High Pulse Width  Fast    FDRE/C     n/a            0.500         4.000       3.500      SLICE_X80Y122   data0_reg[3]/C
High Pulse Width  Fast    FDRE/C     n/a            0.500         4.000       3.500      SLICE_X81Y123   data0_reg[4]/C
High Pulse Width  Fast    FDRE/C     n/a            0.500         4.000       3.500      SLICE_X81Y123   data0_reg[5]/C
High Pulse Width  Fast    FDRE/C     n/a            0.500         4.000       3.500      SLICE_X81Y123   data0_reg[6]/C
High Pulse Width  Fast    FDRE/C     n/a            0.500         4.000       3.500      SLICE_X80Y124   data0_reg[7]/C



